C51 COMPILER V9.54   DELAY                                                                 08/25/2022 20:58:50 PAGE 1   


C51 COMPILER V9.54, COMPILATION OF MODULE DELAY
OBJECT MODULE PLACED IN .\build\Delay.obj
COMPILER INVOKED BY: D:\development\singleChip51\KeilC51\C51\BIN\C51.EXE src\Delay.c OPTIMIZE(8,SPEED) BROWSE DEBUG OBJE
                    -CTEXTEND PRINT(.\Listings\Delay.lst) TABS(2) OBJECT(.\build\Delay.obj)

line level    source

   1          /**
   2           * @file Delay.c
   3           * @author WangYJ
   4           * @brief A set of Delay function. Based on occupying CPU. Including delay xms,1us,100us,500us,70us. Using
             - timer are recommened.
   5           * @freq: 11.0592MHz
   6           * @version 1.0
   7           * @date 2020-04-18
   8           *
   9           * @copyright Copyright (c) 2020
  10           *
  11           */
  12          
  13          #include <intrins.h>
  14          
  15          void Delayms(unsigned int x)
  16          {
  17   1        while (x--)
  18   1        {
  19   2          unsigned char i, j;
  20   2          _nop_();
  21   2          _nop_();
  22   2          _nop_();
  23   2          i = 11;
  24   2          j = 190;
  25   2          do
  26   2          {
  27   3            while (--j)
  28   3              ;
  29   3          } while (--i);
  30   2        }
  31   1      }
  32          
  33          void Delay1us()
  34          {
  35   1        _nop_();
  36   1        _nop_();
  37   1        _nop_();
  38   1      }
  39          
  40          void Delay100us()
  41          {
  42   1        unsigned char i, j;
  43   1      
  44   1        _nop_();
  45   1        _nop_();
  46   1        i = 2;
  47   1        j = 15;
  48   1        do
  49   1        {
  50   2          while (--j)
  51   2            ;
  52   2        } while (--i);
  53   1      }
C51 COMPILER V9.54   DELAY                                                                 08/25/2022 20:58:50 PAGE 2   

  54          
  55          void Delay500us()
  56          {
  57   1        unsigned char i, j;
  58   1      
  59   1        _nop_();
  60   1        _nop_();
  61   1        i = 6;
  62   1        j = 93;
  63   1        do
  64   1        {
  65   2          while (--j)
  66   2            ;
  67   2        } while (--i);
  68   1      }
  69          
  70          void Delay70us()
  71          {
  72   1        unsigned char i, j;
  73   1      
  74   1        _nop_();
  75   1        _nop_();
  76   1        i = 1;
  77   1        j = 189;
  78   1        do
  79   1        {
  80   2          while (--j)
  81   2            ;
  82   2        } while (--i);
  83   1      }


MODULE INFORMATION:   STATIC OVERLAYABLE
   CODE SIZE        =     65    ----
   CONSTANT SIZE    =   ----    ----
   XDATA SIZE       =   ----    ----
   PDATA SIZE       =   ----    ----
   DATA SIZE        =   ----       2
   IDATA SIZE       =   ----    ----
   BIT SIZE         =   ----    ----
END OF MODULE INFORMATION.


C51 COMPILATION COMPLETE.  0 WARNING(S),  0 ERROR(S)
