C51 COMPILER V9.54   DRIVER_AT24C02                                                        08/25/2022 20:58:50 PAGE 1   


C51 COMPILER V9.54, COMPILATION OF MODULE DRIVER_AT24C02
OBJECT MODULE PLACED IN .\build\Driver_AT24C02.obj
COMPILER INVOKED BY: D:\development\singleChip51\KeilC51\C51\BIN\C51.EXE src\Driver_AT24C02.c OPTIMIZE(8,SPEED) BROWSE D
                    -EBUG OBJECTEXTEND PRINT(.\Listings\Driver_AT24C02.lst) TABS(2) OBJECT(.\build\Driver_AT24C02.obj)

line level    source

   1          /**
   2           * @file Driver_AT24C02.c
   3           * @author USST WangYJ (2035060326)
   4           * @brief Driver of AT24C02. For storing data.
   5           * @version 0.2
   6           * @date 2022-08-23
   7           * 
   8           * 
   9           */
  10          
  11          #include <REGX52.H>
  12          #include "I2C.h"
  13          
  14          #define AT24C02_ADDRESS   0xA0
  15          
  16          /**
  17            * @brief  AT24C02 write byte
  18            * @param  Address Address of the data
  19            * @param  Data The data
  20            * @retval void
  21            */
  22          void AT24C02_WriteByte(unsigned char Address,unsigned char Data)
  23          {
  24   1        I2C_Start();
  25   1        I2C_SendByte(AT24C02_ADDRESS);
  26   1        I2C_ReceiveAck();
  27   1        I2C_SendByte(Address);
  28   1        I2C_ReceiveAck();
  29   1        I2C_SendByte(Data);
  30   1        I2C_ReceiveAck();
  31   1        I2C_Stop();
  32   1      }
  33          
  34          /**
  35            * @brief  AT24C02 Read byte
  36            * @param  Address Address of the data
  37            * @retval unsighed char referring data read.
  38            */
  39          unsigned char AT24C02_ReadByte(unsigned char Address)
  40          {
  41   1        unsigned char Data;
  42   1        I2C_Start();
  43   1        I2C_SendByte(AT24C02_ADDRESS);
  44   1        I2C_ReceiveAck();
  45   1        I2C_SendByte(Address);
  46   1        I2C_ReceiveAck();
  47   1        I2C_Start();
  48   1        I2C_SendByte(AT24C02_ADDRESS|0x01);
  49   1        I2C_ReceiveAck();
  50   1        Data=I2C_ReceiveByte();
  51   1        I2C_SendAck(1);
  52   1        I2C_Stop();
  53   1        return Data;
  54   1      }
C51 COMPILER V9.54   DRIVER_AT24C02                                                        08/25/2022 20:58:50 PAGE 2   



MODULE INFORMATION:   STATIC OVERLAYABLE
   CODE SIZE        =     82    ----
   CONSTANT SIZE    =   ----    ----
   XDATA SIZE       =   ----    ----
   PDATA SIZE       =   ----    ----
   DATA SIZE        =   ----       4
   IDATA SIZE       =   ----    ----
   BIT SIZE         =   ----    ----
END OF MODULE INFORMATION.


C51 COMPILATION COMPLETE.  0 WARNING(S),  0 ERROR(S)
