C51 COMPILER V9.54   DS18B20                                                               08/23/2022 18:27:32 PAGE 1   


C51 COMPILER V9.54, COMPILATION OF MODULE DS18B20
OBJECT MODULE PLACED IN .\build\DS18B20.obj
COMPILER INVOKED BY: D:\development\singleChip51\KeilC51\C51\BIN\C51.EXE src\DS18B20.c OPTIMIZE(8,SPEED) BROWSE DEBUG OB
                    -JECTEXTEND PRINT(.\Listings\DS18B20.lst) TABS(2) OBJECT(.\build\DS18B20.obj)

line level    source

   1          #include <regx52.h>
   2          #include "SingleWire.h"
   3          
   4          // DS18B20 commands
   5          #define DS18B20_SKIP_ROM 0xCC
   6          #define DS18B20_CONVERT_T 0x44
   7          #define DS18B20_READ_SCRATCHPAD 0xBE
   8          
   9          /**
  10           * @brief  DS18B20 Start converting temperature
  11           * @param  na
  12           * @retval void
  13           */
  14          void DS18B20_ConvertT(void)
  15          {
  16   1        SingleWire_Init();
  17   1        SingleWire_SendByte(DS18B20_SKIP_ROM);
  18   1        SingleWire_SendByte(DS18B20_CONVERT_T);
  19   1      }
  20          
  21          /**
  22           * @brief  DS18B20 Read temperature
  23           * @param  na
  24           * @retval A float referring temperature
  25           */
  26          float DS18B20_ReadT(void)
  27          {
  28   1        unsigned char TLSB, TMSB;
  29   1        int Temp;
  30   1        float T;
  31   1      
  32   1        SingleWire_Init();
  33   1        SingleWire_SendByte(DS18B20_SKIP_ROM);
  34   1        SingleWire_SendByte(DS18B20_READ_SCRATCHPAD);
  35   1      
  36   1        TLSB = SingleWire_ReceiveByte();
  37   1        TMSB = SingleWire_ReceiveByte();
  38   1      
  39   1        Temp = (TMSB << 8) | TLSB;
  40   1        T = Temp / 16.0;
  41   1        
  42   1        return T;
  43   1      }


MODULE INFORMATION:   STATIC OVERLAYABLE
   CODE SIZE        =     57    ----
   CONSTANT SIZE    =   ----    ----
   XDATA SIZE       =   ----    ----
   PDATA SIZE       =   ----    ----
   DATA SIZE        =   ----       1
   IDATA SIZE       =   ----    ----
   BIT SIZE         =   ----    ----
END OF MODULE INFORMATION.

C51 COMPILER V9.54   DS18B20                                                               08/23/2022 18:27:32 PAGE 2   


C51 COMPILATION COMPLETE.  0 WARNING(S),  0 ERROR(S)
