C51 COMPILER V9.54   GETKEY                                                                08/25/2022 20:58:50 PAGE 1   


C51 COMPILER V9.54, COMPILATION OF MODULE GETKEY
OBJECT MODULE PLACED IN .\build\GetKey.obj
COMPILER INVOKED BY: D:\development\singleChip51\KeilC51\C51\BIN\C51.EXE src\GetKey.c OPTIMIZE(8,SPEED) BROWSE DEBUG OBJ
                    -ECTEXTEND PRINT(.\Listings\GetKey.lst) TABS(2) OBJECT(.\build\GetKey.obj)

line level    source

   1          /**
   2           * @file GetKey.c
   3           * @author USST WangYJ(2035060326)
   4           * @brief The modified version of GetKey v1.0 . Added the function Key_GetState and added Key_loop
   5           * @version 1.1
   6           * @date 2022-08-23
   7           *
   8           */
   9          
  10          #include <REGX52.H>
  11          #include "Delay.h"
  12          
  13          unsigned char Key_KeyNumber;
  14          
  15          /**
  16           * @brief  Get key number
  17           * @param  NA
  18           * @retval unsigned char, Referring the key pressed. Ranges from 1 to 4 with a special code 0 means no key
             - was triggered.
  19           */
  20          unsigned char Key(void)
  21          {
  22   1        unsigned char Temp = 0;
  23   1        Temp = Key_KeyNumber;
  24   1        Key_KeyNumber = 0;
  25   1        return Temp;
  26   1      }
  27          
  28          /**
  29           * @brief  Get the state of key.
  30           * @warning Viberating has NOT been smoothed yet.
  31           * @param  NA
  32           * @retval unsigned char, Referring the key pressed. Ranges from 1 to 4 with a special code 0 means no key
             - was triggered.
  33           */
  34          unsigned char Key_GetState()
  35          {
  36   1        unsigned char KeyNumber = 0;
  37   1      
  38   1        if (P3_1 == 0)
  39   1        {
  40   2          KeyNumber = 1;
  41   2        }
  42   1        if (P3_0 == 0)
  43   1        {
  44   2          KeyNumber = 2;
  45   2        }
  46   1        if (P3_2 == 0)
  47   1        {
  48   2          KeyNumber = 3;
  49   2        }
  50   1        if (P3_3 == 0)
  51   1        {
  52   2          KeyNumber = 4;
C51 COMPILER V9.54   GETKEY                                                                08/25/2022 20:58:50 PAGE 2   

  53   2        }
  54   1        P1 = 0xFF;
  55   1        P1_0 = 0;
  56   1        if (P1_4 == 0)
  57   1        {
  58   2          KeyNumber = 16;
  59   2        }
  60   1        else if (P1_5 == 0)
  61   1        {
  62   2          KeyNumber = 12;
  63   2        }
  64   1        return KeyNumber;
  65   1      }
  66          
  67          /**
  68           * @brief  This is a function used in interreption.
  69           * @param  NA
  70           * @retval void
  71           */
  72          void Key_Loop(void)
  73          {
  74   1        static unsigned char NowState, LastState;
  75   1        LastState = NowState;
  76   1        NowState = Key_GetState();
  77   1        if (LastState == 1 && NowState == 0)
  78   1        {
  79   2          Key_KeyNumber = 1;
  80   2        }
  81   1        if (LastState == 2 && NowState == 0)
  82   1        {
  83   2          Key_KeyNumber = 2;
  84   2        }
  85   1        if (LastState == 3 && NowState == 0)
  86   1        {
  87   2          Key_KeyNumber = 3;
  88   2        }
  89   1        if (LastState == 4 && NowState == 0)
  90   1        {
  91   2          Key_KeyNumber = 4;
  92   2        }
  93   1        if (LastState == 16 && NowState == 0)
  94   1        {
  95   2          Key_KeyNumber = 16;
  96   2        }
  97   1        if(LastState == 12 && NowState == 0)
  98   1        {
  99   2          Key_KeyNumber = 12;
 100   2        }
 101   1      }


MODULE INFORMATION:   STATIC OVERLAYABLE
   CODE SIZE        =    126    ----
   CONSTANT SIZE    =   ----    ----
   XDATA SIZE       =   ----    ----
   PDATA SIZE       =   ----    ----
   DATA SIZE        =      3    ----
   IDATA SIZE       =   ----    ----
   BIT SIZE         =   ----    ----
END OF MODULE INFORMATION.


C51 COMPILATION COMPLETE.  0 WARNING(S),  0 ERROR(S)
