C51 COMPILER V9.54   I2C                                                                   08/25/2022 20:58:50 PAGE 1   


C51 COMPILER V9.54, COMPILATION OF MODULE I2C
OBJECT MODULE PLACED IN .\build\I2C.obj
COMPILER INVOKED BY: D:\development\singleChip51\KeilC51\C51\BIN\C51.EXE src\I2C.c OPTIMIZE(8,SPEED) BROWSE DEBUG OBJECT
                    -EXTEND PRINT(.\Listings\I2C.lst) TABS(2) OBJECT(.\build\I2C.obj)

line level    source

   1          /**
   2           * @file I2C.c
   3           * @author USST WangYJ (2035060326)
   4           * @brief I2C
   5           * @version 1.0
   6           * @date 2022-08-23
   7           *
   8           *
   9           */
  10          
  11          #include <regx52.h>
  12          
  13          sbit I2C_SCL = P2 ^ 1;
  14          sbit I2C_SDA = P2 ^ 0;
  15          
  16          /**
  17           * @brief Start I2C communication. Call it before any operations through I2C.
  18           * @retval void
  19           */
  20          void I2C_Start(void)
  21          {
  22   1        I2C_SDA = 1;
  23   1        I2C_SCL = 1;
  24   1        I2C_SDA = 0;
  25   1        I2C_SCL = 0;
  26   1      }
  27          
  28          /**
  29           * @brief Stop I2C communication. Call it after I2C is no more needed.
  30           * @retval void
  31           */
  32          void I2C_Stop(void)
  33          {
  34   1        I2C_SDA = 0;
  35   1        I2C_SCL = 1;
  36   1        I2C_SDA = 1;
  37   1      }
  38          
  39          /**
  40           * @brief  I2C Send a Byte
  41           * @param  Byte The byte to be sent
  42           * @retval void
  43           */
  44          void I2C_SendByte(unsigned char Byte)
  45          {
  46   1        unsigned char i;
  47   1        for (i = 0; i < 8; i++)
  48   1        {
  49   2          I2C_SDA = Byte & (0x80 >> i);
  50   2          I2C_SCL = 1;
  51   2          I2C_SCL = 0;
  52   2        }
  53   1      }
  54          
C51 COMPILER V9.54   I2C                                                                   08/25/2022 20:58:50 PAGE 2   

  55          /**
  56           * @brief  I2C Receive a Byte
  57           * @param  NA
  58           * @retval The Byte received
  59           */
  60          unsigned char I2C_ReceiveByte(void)
  61          {
  62   1        unsigned char i, Byte = 0x00;
  63   1        I2C_SDA = 1;
  64   1        for (i = 0; i < 8; i++)
  65   1        {
  66   2          I2C_SCL = 1;
  67   2          if (I2C_SDA)
  68   2          {
  69   3            Byte |= (0x80 >> i);
  70   3          }
  71   2          I2C_SCL = 0;
  72   2        }
  73   1        return Byte;
  74   1      }
  75          
  76          /**
  77           * @brief  I2C Send ack
  78           * @param  AckBit 0:ack  1:not ack
  79           * @retval void
  80           */
  81          void I2C_SendAck(unsigned char AckBit)
  82          {
  83   1        I2C_SDA = AckBit;
  84   1        I2C_SCL = 1;
  85   1        I2C_SCL = 0;
  86   1      }
  87          
  88          /**
  89           * @brief  I2C Receive ack
  90           * @param  NA
  91           * @retval Ack bit received. 0:ack，1:not ack
  92           */
  93          unsigned char I2C_ReceiveAck(void)
  94          {
  95   1        unsigned char AckBit;
  96   1        I2C_SDA = 1;
  97   1        I2C_SCL = 1;
  98   1        AckBit = I2C_SDA;
  99   1        I2C_SCL = 0;
 100   1        return AckBit;
 101   1      }


MODULE INFORMATION:   STATIC OVERLAYABLE
   CODE SIZE        =    109    ----
   CONSTANT SIZE    =   ----    ----
   XDATA SIZE       =   ----    ----
   PDATA SIZE       =   ----    ----
   DATA SIZE        =   ----    ----
   IDATA SIZE       =   ----    ----
   BIT SIZE         =   ----    ----
END OF MODULE INFORMATION.


C51 COMPILATION COMPLETE.  0 WARNING(S),  0 ERROR(S)
