C51 COMPILER V9.54   SINGLEWIRE                                                            08/25/2022 21:00:29 PAGE 1   


C51 COMPILER V9.54, COMPILATION OF MODULE SINGLEWIRE
OBJECT MODULE PLACED IN .\build\SingleWire.obj
COMPILER INVOKED BY: D:\development\singleChip51\KeilC51\C51\BIN\C51.EXE src\SingleWire.c OPTIMIZE(8,SPEED) BROWSE DEBUG
                    - OBJECTEXTEND PRINT(.\Listings\SingleWire.lst) TABS(2) OBJECT(.\build\SingleWire.obj)

line level    source

   1          #include <regx52.h>
   2          #include "Delay.h"
   3          
   4          sbit SingleWire_DQ = P3 ^ 7;
   5          
   6          /**
   7           * @brief
   8           * @param  无
   9           * @retval slave response，0:response，1:not response
  10           */
  11          unsigned char SingleWire_Init(void)
  12          {
  13   1        unsigned char AckBit;
  14   1        EA = 0;
  15   1        SingleWire_DQ = 1;
  16   1        SingleWire_DQ = 0;
  17   1        Delay500us();
  18   1      
  19   1        SingleWire_DQ = 1;
  20   1        Delay70us();
  21   1      
  22   1        AckBit = SingleWire_DQ;
  23   1        Delay500us();
  24   1        
  25   1        EA = 1;
  26   1        return AckBit;
  27   1      }
  28          
  29          /**
  30           * @brief  SW send bit
  31           * @param  Bit The bit data to send
  32           * @retval void
  33           */
  34          void SingleWire_SendBit(unsigned char Bit)
  35          {
  36   1        unsigned char i;
  37   1        EA = 0;
  38   1        SingleWire_DQ = 0;
  39   1        i = 4;
  40   1        while (--i)
  41   1          ; // Delay 10us
  42   1        SingleWire_DQ = Bit;
  43   1        i = 24;
  44   1        while (--i)
  45   1          ; // Delay 50us
  46   1        SingleWire_DQ = 1;
  47   1        EA = 1;
  48   1      }
  49          
  50          /**
  51           * @brief  SW get bit
  52           * @param  NA
  53           * @retval The got data.
  54           */
C51 COMPILER V9.54   SINGLEWIRE                                                            08/25/2022 21:00:29 PAGE 2   

  55          unsigned char SingleWire_ReceiveBit(void)
  56          {
  57   1        unsigned char i;
  58   1        unsigned char Bit;
  59   1        EA = 0;
  60   1        SingleWire_DQ = 0;
  61   1        i = 2;
  62   1        while (--i)
  63   1          ; // Delay 5us
  64   1        SingleWire_DQ = 1;
  65   1        i = 2;
  66   1        while (--i)
  67   1          ; // Delay 5us
  68   1        Bit = SingleWire_DQ;
  69   1        i = 24;
  70   1        while (--i)
  71   1          ; // Delay 50us
  72   1        EA = 1;
  73   1        return Bit;
  74   1      }
  75          
  76          /**
  77           * @brief  SW send byte
  78           * @param  Byte Byte 2b sent
  79           * @retval void
  80           */
  81          void SingleWire_SendByte(unsigned char Byte)
  82          {
  83   1        unsigned char i;
  84   1        for (i = 0; i < 8; i++)
  85   1        {
  86   2          SingleWire_SendBit(Byte & (0x01 << i));
  87   2        }
  88   1      }
  89          
  90          /**
  91           * @brief  SW reveive byte
  92           * @param  NA
  93           * @retval byte received
  94           */
  95          unsigned char SingleWire_ReceiveByte(void)
  96          {
  97   1        unsigned char i;
  98   1        unsigned char Byte = 0x00;
  99   1        for (i = 0; i < 8; i++)
 100   1        {
 101   2          if (SingleWire_ReceiveBit())
 102   2          {
 103   3            Byte |= (0x01 << i);
 104   3          }
 105   2        }
 106   1        return Byte;
 107   1      }


MODULE INFORMATION:   STATIC OVERLAYABLE
   CODE SIZE        =    132    ----
   CONSTANT SIZE    =   ----    ----
   XDATA SIZE       =   ----    ----
   PDATA SIZE       =   ----    ----
   DATA SIZE        =   ----       1
   IDATA SIZE       =   ----    ----
C51 COMPILER V9.54   SINGLEWIRE                                                            08/25/2022 21:00:29 PAGE 3   

   BIT SIZE         =   ----    ----
END OF MODULE INFORMATION.


C51 COMPILATION COMPLETE.  0 WARNING(S),  0 ERROR(S)
