C51 COMPILER V9.54   TIMER                                                                 08/25/2022 20:58:50 PAGE 1   


C51 COMPILER V9.54, COMPILATION OF MODULE TIMER
OBJECT MODULE PLACED IN .\build\Timer.obj
COMPILER INVOKED BY: D:\development\singleChip51\KeilC51\C51\BIN\C51.EXE src\Timer.c OPTIMIZE(8,SPEED) BROWSE DEBUG OBJE
                    -CTEXTEND PRINT(.\Listings\Timer.lst) TABS(2) OBJECT(.\build\Timer.obj)

line level    source

   1          #include <regx52.h>
   2          
   3          void Timer0Init() // 1ms@11.0592MHz
   4          {
   5   1        TMOD &= 0xF0;
   6   1        TMOD |= 0x01;
   7   1        TL0 = 0x66;
   8   1        TH0 = 0xFC;
   9   1        TF0 = 0;
  10   1        TR0 = 1;
  11   1        ET0 = 1;
  12   1        EA = 1;
  13   1        PT0 = 0;
  14   1      }


MODULE INFORMATION:   STATIC OVERLAYABLE
   CODE SIZE        =     23    ----
   CONSTANT SIZE    =   ----    ----
   XDATA SIZE       =   ----    ----
   PDATA SIZE       =   ----    ----
   DATA SIZE        =   ----    ----
   IDATA SIZE       =   ----    ----
   BIT SIZE         =   ----    ----
END OF MODULE INFORMATION.


C51 COMPILATION COMPLETE.  0 WARNING(S),  0 ERROR(S)
